[Appium] Welcome to Appium v1.7.2 (REV 8e3f8666d551b29ded45b6b77521a73ccc3eef04)
[Appium] Non-default server args:
[Appium]   sessionOverride: true
[Appium]   debugLogSpacing: true
[Appium]   defaultCommandTimeout: 1800000
[Appium] Appium REST http interface listener started on 0.0.0.0:4723
[HTTP] --> POST /wd/hub/session {"desiredCapabilities":{"javascriptEnabled":true,"locationContextEnabled":true,"handlesAlerts":true,"rotatable":true,"appiumVersion":"1.7.2","browserName":"","platformName":"Android","app":"/Users/diegogamboa/wix_automation/config/app-development-release.apk","platformVersion":"8.0","deviceName":"Nexus 6 API 26","waitforTimeout":1800000,"commandTimeout":1800000,"newCommandTimeout":1800000,"automationName":"UiAutomator2","requestOrigins":{"url":"http://webdriver.io","version":"4.12.0","name":"webdriverio"}}}
[debug] [MJSONWP] Calling AppiumDriver.createSession() with args: [{"javascriptEnabled":true,"locationContextEnabled":true,"handlesAlerts":true,"rotatable":true,"appiumVersion":"1.7.2","browserName":"","platformName":"Android","app":"/Users/diegogamboa/wix_automation/config/app-development-release.apk","platformVersion":"8.0","deviceName":"Nexus 6 API 26","waitforTimeout":1800000,"commandTimeout":1800000,"newCommandTimeout":1800000,"automationName":"UiAutomator2","requestOrigins":{"url":"http://webdriver.io","version":"4.12.0","name":"webdriverio"}},null,null]
[debug] [BaseDriver] Event 'newSessionRequested' logged at 1523232463260 (18:07:43 GMT-0600 (CST))
[Appium] Creating new AndroidUiautomator2Driver (v0.11.0) session
[Appium] Capabilities:
[Appium]   javascriptEnabled: true
[Appium]   locationContextEnabled: true
[Appium]   handlesAlerts: true
[Appium]   rotatable: true
[Appium]   appiumVersion: 1.7.2
[Appium]   browserName: 
[Appium]   platformName: Android
[Appium]   app: /Users/diegogamboa/wix_automation/config/app-development-release.apk
[Appium]   platformVersion: 8.0
[Appium]   deviceName: Nexus 6 API 26
[Appium]   waitforTimeout: 1800000
[Appium]   commandTimeout: 1800000
[Appium]   newCommandTimeout: 1800000
[Appium]   automationName: UiAutomator2
[Appium]   requestOrigins: {
[Appium]     url: http://webdriver.io
[Appium]     version: 4.12.0
[Appium]     name: webdriverio
[Appium]   }
[BaseDriver] The following capabilities were provided, but are not recognized by appium: javascriptEnabled, locationContextEnabled, handlesAlerts, rotatable, appiumVersion, waitforTimeout, commandTimeout, requestOrigins.
[BaseDriver] Session created with session id: a46b8004-2858-4d1d-9f03-7d2a5c798f86
[BaseDriver] Using local app '/Users/diegogamboa/wix_automation/config/app-development-release.apk'
[debug] [UiAutomator2] Checking whether app is actually present
[debug] [AndroidDriver] Getting Java version
[AndroidDriver] Java version is: 1.8.0_131
[ADB] Checking whether adb is present
[ADB] Using adb from /Users/diegogamboa/Library/Android/sdk/platform-tools/adb
[AndroidDriver] Retrieving device list
[debug] [ADB] Trying to find a connected android device
[debug] [ADB] Getting connected devices...
[debug] [ADB] 1 device(s) connected
[AndroidDriver] Looking for a device with Android '8.0'
[debug] [ADB] Setting device id to emulator-5554
[ADB] Getting device platform version
[debug] [ADB] Getting connected devices...
[debug] [ADB] 1 device(s) connected
[debug] [ADB] Running '/Users/diegogamboa/Library/Android/sdk/platform-tools/adb' with args: ["-P",5037,"-s","emulator-5554","shell","getprop","ro.build.version.release"]
[debug] [ADB] Current device property 'ro.build.version.release': 8.0.0
[AndroidDriver] Using device: emulator-5554
[ADB] Checking whether adb is present
[debug] [ADB] Setting device id to emulator-5554
[debug] [ADB] Getting connected devices...
[debug] [ADB] 1 device(s) connected
[debug] [ADB] Running '/Users/diegogamboa/Library/Android/sdk/platform-tools/adb' with args: ["-P",5037,"-s","emulator-5554","shell","getprop","ro.build.version.sdk"]
[debug] [ADB] Current device property 'ro.build.version.sdk': 26
[debug] [ADB] Device API level: 26
[debug] [AndroidDriver] Parsing package and activity from app manifest
[ADB] Checking whether aapt is present
[ADB] Using aapt from /Users/diegogamboa/Library/Android/sdk/build-tools/28.0.0-rc1/aapt
[ADB] Extracting package and launch activity from manifest
[debug] [ADB] badging package: com.fintechla.wink
[debug] [ADB] badging act: com.fintechla.wink.MainActivity
[debug] [AndroidDriver] Parsed package and activity are: com.fintechla.wink/com.fintechla.wink.MainActivity
[ADB] Getting device platform version
[debug] [ADB] Getting connected devices...
[debug] [ADB] 1 device(s) connected
[debug] [ADB] Running '/Users/diegogamboa/Library/Android/sdk/platform-tools/adb' with args: ["-P",5037,"-s","emulator-5554","shell","getprop","ro.build.version.release"]
[debug] [ADB] Current device property 'ro.build.version.release': 8.0.0
[debug] [ADB] Getting connected devices...
[debug] [ADB] 1 device(s) connected
[debug] [ADB] Running '/Users/diegogamboa/Library/Android/sdk/platform-tools/adb' with args: ["-P",5037,"-s","emulator-5554","shell","wm","size"]
[debug] [ADB] Getting connected devices...
[debug] [ADB] 1 device(s) connected
[debug] [ADB] Running '/Users/diegogamboa/Library/Android/sdk/platform-tools/adb' with args: ["-P",5037,"-s","emulator-5554","shell","wm","density"]
[debug] [ADB] Getting connected devices...
[debug] [ADB] 1 device(s) connected
[debug] [ADB] Running '/Users/diegogamboa/Library/Android/sdk/platform-tools/adb' with args: ["-P",5037,"-s","emulator-5554","shell","getprop","ro.product.model"]
[debug] [ADB] Current device property 'ro.product.model': Android SDK built for x86
[debug] [ADB] Getting connected devices...
[debug] [ADB] 1 device(s) connected
[debug] [ADB] Running '/Users/diegogamboa/Library/Android/sdk/platform-tools/adb' with args: ["-P",5037,"-s","emulator-5554","shell","getprop","ro.product.manufacturer"]
[debug] [ADB] Current device property 'ro.product.manufacturer': Google
[debug] [ADB] Getting connected devices...
[debug] [ADB] 1 device(s) connected
[debug] [ADB] Running '/Users/diegogamboa/Library/Android/sdk/platform-tools/adb' with args: ["-P",5037,"-s","emulator-5554","shell","am","force-stop","io.appium.uiautomator2.server"]
[ADB] Checking whether aapt is present
[debug] [ADB] Getting install status for io.appium.uiautomator2.server
[debug] [ADB] Getting connected devices...
[debug] [ADB] 1 device(s) connected
[debug] [ADB] Running '/Users/diegogamboa/Library/Android/sdk/platform-tools/adb' with args: ["-P",5037,"-s","emulator-5554","shell","pm","list","packages","io.appium.uiautomator2.server"]
[debug] [ADB] App is installed
[debug] [ADB] Getting install status for io.appium.uiautomator2.server.test
[debug] [ADB] Getting connected devices...
[debug] [ADB] 1 device(s) connected
[debug] [ADB] Running '/Users/diegogamboa/Library/Android/sdk/platform-tools/adb' with args: ["-P",5037,"-s","emulator-5554","shell","pm","list","packages","io.appium.uiautomator2.server.test"]
[debug] [ADB] App is installed
[debug] [ADB] Getting package info for io.appium.uiautomator2.server
[debug] [ADB] Getting connected devices...
[debug] [ADB] 1 device(s) connected
[debug] [ADB] Running '/Users/diegogamboa/Library/Android/sdk/platform-tools/adb' with args: ["-P",5037,"-s","emulator-5554","shell","dumpsys","package","io.appium.uiautomator2.server"]
[debug] [UiAutomator2] Waiting up to 20000ms for instrumentation 'io.appium.uiautomator2.server.test/android.support.test.runner.AndroidJUnitRunner' to be available
[debug] [ADB] Getting connected devices...
[debug] [ADB] 1 device(s) connected
[debug] [ADB] Running '/Users/diegogamboa/Library/Android/sdk/platform-tools/adb' with args: ["-P",5037,"-s","emulator-5554","shell","pm","list","instrumentation"]
[debug] [UiAutomator2] Instrumentation 'io.appium.uiautomator2.server.test/android.support.test.runner.AndroidJUnitRunner' available
[debug] [ADB] Running '/Users/diegogamboa/Library/Android/sdk/platform-tools/adb' with args: ["-P",5037,"-s","emulator-5554","wait-for-device"]
[debug] [ADB] Getting connected devices...
[debug] [ADB] 1 device(s) connected
[debug] [ADB] Running '/Users/diegogamboa/Library/Android/sdk/platform-tools/adb' with args: ["-P",5037,"-s","emulator-5554","shell","echo","ping"]
[AndroidDriver] setDeviceLanguageCountry requires language or country.
[AndroidDriver] Got language: 'null' and country: 'null'
[debug] [Logcat] Starting logcat capture
[debug] [AndroidDriver] Pushing settings apk to device...
[debug] [ADB] Getting install status for io.appium.settings
[debug] [ADB] Getting connected devices...
[debug] [ADB] 1 device(s) connected
[debug] [ADB] Running '/Users/diegogamboa/Library/Android/sdk/platform-tools/adb' with args: ["-P",5037,"-s","emulator-5554","shell","pm","list","packages","io.appium.settings"]
[debug] [ADB] App is installed
[debug] [ADB] Getting package info for io.appium.settings
[debug] [ADB] Getting connected devices...
[debug] [ADB] 1 device(s) connected
[debug] [ADB] Running '/Users/diegogamboa/Library/Android/sdk/platform-tools/adb' with args: ["-P",5037,"-s","emulator-5554","shell","dumpsys","package","io.appium.settings"]
[ADB] Checking whether aapt is present
[debug] [ADB] The installed 'io.appium.settings' package does not require upgrade (5 >= 5)
[debug] [ADB] Device API level: 26
[debug] [ADB] Getting connected devices...
[debug] [ADB] 1 device(s) connected
[debug] [ADB] Running '/Users/diegogamboa/Library/Android/sdk/platform-tools/adb' with args: ["-P",5037,"-s","emulator-5554","shell","dumpsys","package","io.appium.settings"]
[debug] [ADB] Getting connected devices...
[debug] [ADB] 1 device(s) connected
[debug] [ADB] Running '/Users/diegogamboa/Library/Android/sdk/platform-tools/adb' with args: ["-P",5037,"-s","emulator-5554","shell","pm","dump","io.appium.settings"]
[debug] [ADB] Got the following command chunks to execute: pm,grant,io.appium.settings,android.permission.WRITE_SETTINGS,;,pm,grant,io.appium.settings,android.permission.ACCESS_MOCK_LOCATION,;
[debug] [ADB] Getting connected devices...
[debug] [ADB] 1 device(s) connected
[debug] [ADB] Running '/Users/diegogamboa/Library/Android/sdk/platform-tools/adb' with args: ["-P",5037,"-s","emulator-5554","shell","pm","grant","io.appium.settings","android.permission.WRITE_SETTINGS",";","pm","grant","io.appium.settings","android.permission.ACCESS_MOCK_LOCATION",";"]
[debug] [ADB] Running '/Users/diegogamboa/Library/Android/sdk/platform-tools/adb' with args: ["-P",5037,"-s","emulator-5554","shell","pm","grant","io.appium.settings","android.permission.WRITE_SETTINGS",";","pm","grant","io.appium.settings","android.permission.ACCESS_MOCK_LOCATION",";"]
[debug] [ADB] Getting connected devices...
[debug] [ADB] 1 device(s) connected
[debug] [ADB] Running '/Users/diegogamboa/Library/Android/sdk/platform-tools/adb' with args: ["-P",5037,"-s","emulator-5554","shell","ps"]
[debug] [ADB] Device API level: 26
[debug] [ADB] Getting connected devices...
[debug] [ADB] 1 device(s) connected
[debug] [ADB] Running '/Users/diegogamboa/Library/Android/sdk/platform-tools/adb' with args: ["-P",5037,"-s","emulator-5554","shell","appops","set","io.appium.settings","android:mock_location","allow"]
[debug] [AndroidDriver] Pushing unlock helper app to device...
[debug] [ADB] Getting install status for io.appium.unlock
[debug] [ADB] Getting connected devices...
[debug] [ADB] 1 device(s) connected
[debug] [ADB] Running '/Users/diegogamboa/Library/Android/sdk/platform-tools/adb' with args: ["-P",5037,"-s","emulator-5554","shell","pm","list","packages","io.appium.unlock"]
[debug] [ADB] App is installed
[debug] [ADB] Getting package info for io.appium.unlock
[debug] [ADB] Getting connected devices...
[debug] [ADB] 1 device(s) connected
[debug] [ADB] Running '/Users/diegogamboa/Library/Android/sdk/platform-tools/adb' with args: ["-P",5037,"-s","emulator-5554","shell","dumpsys","package","io.appium.unlock"]
[ADB] Checking whether aapt is present
[debug] [ADB] The installed 'io.appium.unlock' package does not require upgrade (2 >= 2)
[debug] [UiAutomator2] Forwarding UiAutomator2 Server port 6790 to 8201
[debug] [ADB] Forwarding system: 8201 to device: 6790
[debug] [ADB] Running '/Users/diegogamboa/Library/Android/sdk/platform-tools/adb' with args: ["-P",5037,"-s","emulator-5554","forward","tcp:8201","tcp:6790"]
[debug] [ADB] Getting connected devices...
[debug] [ADB] 1 device(s) connected
[debug] [ADB] Running '/Users/diegogamboa/Library/Android/sdk/platform-tools/adb' with args: ["-P",5037,"-s","emulator-5554","shell","dumpsys","window"]
[AndroidDriver] Screen already unlocked, doing nothing
[debug] [AndroidDriver] Extracting strings from apk /Users/diegogamboa/wix_automation/config/app-development-release.apk null /var/folders/cm/24yj2y556m9fr87nr7y0ftsw0000gn/T/com.fintechla.wink
[debug] [ADB] Extracting strings for language: default
[debug] [ADB] Device API level: 26
[debug] [ADB] Getting connected devices...
[debug] [ADB] 1 device(s) connected
[debug] [ADB] Running '/Users/diegogamboa/Library/Android/sdk/platform-tools/adb' with args: ["-P",5037,"-s","emulator-5554","shell","getprop","persist.sys.locale"]
[debug] [ADB] Current device property 'persist.sys.locale': 
[debug] [ADB] Getting connected devices...
[debug] [ADB] 1 device(s) connected
[debug] [ADB] Running '/Users/diegogamboa/Library/Android/sdk/platform-tools/adb' with args: ["-P",5037,"-s","emulator-5554","shell","getprop","ro.product.locale"]
[debug] [ADB] Current device property 'ro.product.locale': en-US
[debug] [ADB] No strings.xml for language 'en', getting default strings.xml
[debug] [ADB] Reading strings from converted strings.json
[debug] [ADB] Running '/Users/diegogamboa/Library/Android/sdk/platform-tools/adb' with args: ["-P",5037,"-s","emulator-5554","push","/var/folders/cm/24yj2y556m9fr87nr7y0ftsw0000gn/T/com.fintechla.wink/strings.json","/data/local/tmp"]
[debug] [ADB] Checking app cert for /Users/diegogamboa/wix_automation/config/app-development-release.apk
[ADB] Using apksigner from /Users/diegogamboa/Library/Android/sdk/build-tools/28.0.0-rc1/apksigner
[debug] [ADB] Starting '/Users/diegogamboa/Library/Android/sdk/build-tools/28.0.0-rc1/apksigner' with args 'verify,/Users/diegogamboa/wix_automation/config/app-development-release.apk'
[debug] [ADB] '/Users/diegogamboa/wix_automation/config/app-development-release.apk' is already signed.
[AndroidDriver] Remote apk path is /data/local/tmp/49895eadb175af1dfb644c0a84485baa.apk
[debug] [ADB] Getting connected devices...
[debug] [ADB] 1 device(s) connected
[debug] [ADB] Running '/Users/diegogamboa/Library/Android/sdk/platform-tools/adb' with args: ["-P",5037,"-s","emulator-5554","shell","ls","/data/local/tmp/49895eadb175af1dfb644c0a84485baa.apk"]
[debug] [AndroidDriver] Checking if app is installed
[debug] [ADB] Getting install status for com.fintechla.wink
[debug] [ADB] Getting connected devices...
[debug] [ADB] 1 device(s) connected
[debug] [ADB] Running '/Users/diegogamboa/Library/Android/sdk/platform-tools/adb' with args: ["-P",5037,"-s","emulator-5554","shell","pm","list","packages","com.fintechla.wink"]
[debug] [ADB] App is installed
[AndroidDriver] Apk is already on remote and installed, resetting
[debug] [AndroidDriver] Running fast reset (stop and clear)
[debug] [ADB] Getting connected devices...
[debug] [ADB] 1 device(s) connected
[debug] [ADB] Running '/Users/diegogamboa/Library/Android/sdk/platform-tools/adb' with args: ["-P",5037,"-s","emulator-5554","shell","am","force-stop","com.fintechla.wink"]
[debug] [ADB] Getting connected devices...
[debug] [ADB] 1 device(s) connected
[debug] [ADB] Running '/Users/diegogamboa/Library/Android/sdk/platform-tools/adb' with args: ["-P",5037,"-s","emulator-5554","shell","pm","clear","com.fintechla.wink"]
[debug] [ADB] Getting connected devices...
[debug] [ADB] 1 device(s) connected
[debug] [ADB] Running '/Users/diegogamboa/Library/Android/sdk/platform-tools/adb' with args: ["-P",5037,"-s","emulator-5554","shell","am","force-stop","io.appium.uiautomator2.server"]
[UiAutomator2] Starting uiautomator2 server v0.3.0
[UiAutomator2] Running command: 'adb -s emulator-5554 shell am instrument -w io.appium.uiautomator2.server.test/android.support.test.runner.AndroidJUnitRunner'
[UiAutomator2] Waiting up to 20000ms for UiAutomator2 to be online...
[debug] [JSONWP Proxy] Proxying [GET /status] to [GET http://localhost:8201/wd/hub/status] with no body
[debug] [JSONWP Proxy] Proxying [GET /status] to [GET http://localhost:8201/wd/hub/status] with no body
[debug] [JSONWP Proxy] Proxying [GET /status] to [GET http://localhost:8201/wd/hub/status] with no body
[debug] [JSONWP Proxy] Got response with status 200: "{\"sessionId\":\"SESSIONID\",\"status\":0,\"value\":\"Status Invoked\"}"
[debug] [JSONWP Proxy] Proxying [POST /session] to [POST http://localhost:8201/wd/hub/session] with body: {"desiredCapabilities":{"platform":"LINUX","webStorageEnabled":false,"takesScreenshot":true,"javascriptEnabled":true,"databaseEnabled":false,"networkConnectionEnabled":true,"locationContextEnabled":true,"warnings":{},"desired":{"javascriptEnabled":true,"locationContextEnabled":true,"handlesAlerts":true,"rotatable":true,"appiumVersion":"1.7.2","browserName":"","platformName":"Android","app":"/Users/diegogamboa/wix_automation/config/app-development-release.apk","platformVersion":"8.0","deviceName":"Nexus 6 API 26","waitforTimeout":1800000,"commandTimeout":1800000,"newCommandTimeout":1800000,"automationName":"UiAutomator2","requestOrigins":{"url":"http://webdriver.io","version":"4.12.0","name":"webdriverio"}},"handlesAlerts":true,"rotatable":true,"appiumVersion":"1.7.2","browserName":"","platformName":"Android","app":"/Users/diegogamboa/wix_automation/config/app-development-release.apk","platformVersion":"8.0.0","deviceName":"emulator-5554","waitforTimeout":1800000,"commandTimeout":1800000,"newCommandTimeout"...
[debug] [JSONWP Proxy] Got response with status 200: {"sessionId":"cedf8e03-4d5f-45f3-a055-493d75008df7","status":0,"value":"Created Session"}
[UiAutomator2] UiAutomator2 did not start the activity we were waiting for, 'com.fintechla.wink/com.fintechla.wink.MainActivity'. Starting it ourselves
[debug] [ADB] Device API level: 26
[debug] [ADB] Getting connected devices...
[debug] [ADB] 1 device(s) connected
[debug] [ADB] Running '/Users/diegogamboa/Library/Android/sdk/platform-tools/adb' with args: ["-P",5037,"-s","emulator-5554","shell","am","start","-W","-n","com.fintechla.wink/com.fintechla.wink.MainActivity","-S","-a","android.intent.action.MAIN","-c","android.intent.category.LAUNCHER","-f","0x10200000"]
[debug] [ADB] Waiting up to 20000ms for activity matching pkg: 'com.fintechla.wink' and activity: 'com.fintechla.wink.MainActivity' to be focused
[debug] [ADB] Possible activities, to be checked: 'com.fintechla.wink.MainActivity'
[debug] [ADB] Getting focused package and activity
[debug] [ADB] Getting connected devices...
[debug] [ADB] 1 device(s) connected
[debug] [ADB] Running '/Users/diegogamboa/Library/Android/sdk/platform-tools/adb' with args: ["-P",5037,"-s","emulator-5554","shell","dumpsys","window","windows"]
[debug] [ADB] Found package: 'com.fintechla.wink' and fully qualified activity name : 'com.fintechla.wink.MainActivity'
[Appium] New AndroidUiautomator2Driver session created successfully, session a46b8004-2858-4d1d-9f03-7d2a5c798f86 added to master session list
[debug] [BaseDriver] Event 'newSessionStarted' logged at 1523232476707 (18:07:56 GMT-0600 (CST))
[debug] [MJSONWP] Responding to client with driver.createSession() result: {"javascriptEnabled":true,"locationContextEnabled":true,"handlesAlerts":true,"rotatable":true,"appiumVersion":"1.7.2","browserName":"","platformName":"Android","app":"/Users/diegogamboa/wix_automation/config/app-development-release.apk","platformVersion":"8.0","deviceName":"Nexus 6 API 26","waitforTimeout":1800000,"commandTimeout":1800000,"newCommandTimeout":1800000,"automationName":"UiAutomator2","requestOrigins":{"url":"http://webdriver.io","version":"4.12.0","name":"webdriverio"}}
[HTTP] <-- POST /wd/hub/session 200 13453 ms - 560 
[HTTP] --> POST /wd/hub/session/a46b8004-2858-4d1d-9f03-7d2a5c798f86/element {"using":"-android uiautomator","value":"new UiSelector().resourceId(\"android:id/content\")"}
[debug] [MJSONWP] Calling AppiumDriver.findElement() with args: ["-android uiautomator","new UiSelector().resourceId(\"android:id/content\")","a46b8004-2858-4d1d-9f03-7d2a5c798f86"]
[debug] [BaseDriver] Valid locator strategies for this request: xpath, id, class name, accessibility id, -android uiautomator
[debug] [BaseDriver] Valid locator strategies for this request: xpath, id, class name, accessibility id, -android uiautomator
[debug] [BaseDriver] Waiting up to 0 ms for condition
[debug] [JSONWP Proxy] Proxying [POST /element] to [POST http://localhost:8201/wd/hub/session/cedf8e03-4d5f-45f3-a055-493d75008df7/element] with body: {"strategy":"-android uiautomator","selector":"new UiSelector().resourceId(\"android:id/content\")","context":"","multiple":false}
[debug] [JSONWP Proxy] Got response with status 200: {"sessionId":"cedf8e03-4d5f-45f3-a055-493d75008df7","status":0,"value":{"ELEMENT":"18b0639d-92b6-49aa-969c-37bb2bd83620"}}
[debug] [MJSONWP] Responding to client with driver.findElement() result: {"ELEMENT":"18b0639d-92b6-49aa-969c-37bb2bd83620"}
[HTTP] <-- POST /wd/hub/session/a46b8004-2858-4d1d-9f03-7d2a5c798f86/element 200 289 ms - 122 
[HTTP] --> POST /wd/hub/session/a46b8004-2858-4d1d-9f03-7d2a5c798f86/element/18b0639d-92b6-49aa-969c-37bb2bd83620/click {}
[debug] [MJSONWP] Calling AppiumDriver.click() with args: ["18b0639d-92b6-49aa-969c-37bb2bd83620","a46b8004-2858-4d1d-9f03-7d2a5c798f86"]
[debug] [JSONWP Proxy] Proxying [POST /element/18b0639d-92b6-49aa-969c-37bb2bd83620/click] to [POST http://localhost:8201/wd/hub/session/cedf8e03-4d5f-45f3-a055-493d75008df7/element/18b0639d-92b6-49aa-969c-37bb2bd83620/click] with body: {"element":"18b0639d-92b6-49aa-969c-37bb2bd83620"}
[debug] [JSONWP Proxy] Got response with status 200: {"sessionId":"cedf8e03-4d5f-45f3-a055-493d75008df7","status":0,"value":true}
[debug] [MJSONWP] Responding to client with driver.click() result: true
[HTTP] <-- POST /wd/hub/session/a46b8004-2858-4d1d-9f03-7d2a5c798f86/element/18b0639d-92b6-49aa-969c-37bb2bd83620/click 200 4313 ms - 76 
[HTTP] --> POST /wd/hub/session/a46b8004-2858-4d1d-9f03-7d2a5c798f86/elements {"using":"-android uiautomator","value":"new UiSelector().text(\"¿QUERÉS SER DE L@S\nPRIMER@S EN USAR WINK?\")"}
[debug] [MJSONWP] Calling AppiumDriver.findElements() with args: ["-android uiautomator","new UiSelector().text(\"¿QUERÉS SER DE L@S\nPRIMER@S EN USAR WINK?\")","a46b8004-2858-4d1d-9f03-7d2a5c798f86"]
[debug] [BaseDriver] Valid locator strategies for this request: xpath, id, class name, accessibility id, -android uiautomator
[debug] [BaseDriver] Valid locator strategies for this request: xpath, id, class name, accessibility id, -android uiautomator
[debug] [BaseDriver] Waiting up to 0 ms for condition
[debug] [JSONWP Proxy] Proxying [POST /elements] to [POST http://localhost:8201/wd/hub/session/cedf8e03-4d5f-45f3-a055-493d75008df7/elements] with body: {"strategy":"-android uiautomator","selector":"new UiSelector().text(\"¿QUERÉS SER DE L@S\nPRIMER@S EN USAR WINK?\")","context":"","multiple":true}
[debug] [JSONWP Proxy] Got response with status 200: {"sessionId":"cedf8e03-4d5f-45f3-a055-493d75008df7","status":0,"value":[{"ELEMENT":"d466d638-eac0-4984-996c-0d2027cfe425"}]}
[debug] [MJSONWP] Responding to client with driver.findElements() result: [{"ELEMENT":"d466d638-eac0-4984-996c-0d2027cfe425"}]
[HTTP] <-- POST /wd/hub/session/a46b8004-2858-4d1d-9f03-7d2a5c798f86/elements 200 38 ms - 124 
[HTTP] --> GET /wd/hub/session/a46b8004-2858-4d1d-9f03-7d2a5c798f86/element/d466d638-eac0-4984-996c-0d2027cfe425/displayed {}
[debug] [MJSONWP] Calling AppiumDriver.elementDisplayed() with args: ["d466d638-eac0-4984-996c-0d2027cfe425","a46b8004-2858-4d1d-9f03-7d2a5c798f86"]
[debug] [JSONWP Proxy] Proxying [GET /element/d466d638-eac0-4984-996c-0d2027cfe425/attribute/displayed] to [GET http://localhost:8201/wd/hub/session/cedf8e03-4d5f-45f3-a055-493d75008df7/element/d466d638-eac0-4984-996c-0d2027cfe425/attribute/displayed] with body: {}
[debug] [JSONWP Proxy] Got response with status 200: "{\"sessionId\":\"cedf8e03-4d5f-45f3-a055-493d75008df7\",\"status\":0,\"value\":\"true\"}"
[debug] [MJSONWP] Responding to client with driver.elementDisplayed() result: true
[HTTP] <-- GET /wd/hub/session/a46b8004-2858-4d1d-9f03-7d2a5c798f86/element/d466d638-eac0-4984-996c-0d2027cfe425/displayed 200 22 ms - 76 
[HTTP] --> POST /wd/hub/session/a46b8004-2858-4d1d-9f03-7d2a5c798f86/element {"using":"-android uiautomator","value":"new UiSelector().className(\"android.widget.EditText\")"}
[debug] [MJSONWP] Calling AppiumDriver.findElement() with args: ["-android uiautomator","new UiSelector().className(\"android.widget.EditText\")","a46b8004-2858-4d1d-9f03-7d2a5c798f86"]
[debug] [BaseDriver] Valid locator strategies for this request: xpath, id, class name, accessibility id, -android uiautomator
[debug] [BaseDriver] Valid locator strategies for this request: xpath, id, class name, accessibility id, -android uiautomator
[debug] [BaseDriver] Waiting up to 0 ms for condition
[debug] [JSONWP Proxy] Proxying [POST /element] to [POST http://localhost:8201/wd/hub/session/cedf8e03-4d5f-45f3-a055-493d75008df7/element] with body: {"strategy":"-android uiautomator","selector":"new UiSelector().className(\"android.widget.EditText\")","context":"","multiple":false}
[debug] [JSONWP Proxy] Got response with status 200: {"sessionId":"cedf8e03-4d5f-45f3-a055-493d75008df7","status":0,"value":{"ELEMENT":"605945fc-cc20-4452-85dc-a71b39a210ce"}}
[debug] [MJSONWP] Responding to client with driver.findElement() result: {"ELEMENT":"605945fc-cc20-4452-85dc-a71b39a210ce"}
[HTTP] <-- POST /wd/hub/session/a46b8004-2858-4d1d-9f03-7d2a5c798f86/element 200 20 ms - 122 
[HTTP] --> POST /wd/hub/session/a46b8004-2858-4d1d-9f03-7d2a5c798f86/touch/perform {"actions":[{"action":"tap","options":{"element":"605945fc-cc20-4452-85dc-a71b39a210ce"}}]}
[debug] [MJSONWP] Calling AppiumDriver.performTouch() with args: [[{"action":"tap","options":{"element":"605945fc-cc20-4452-85dc-a71b39a210ce"}}],"a46b8004-2858-4d1d-9f03-7d2a5c798f86"]
[UiAutomator2] calling get location: 605945fc-cc20-4452-85dc-a71b39a210ce
[debug] [JSONWP Proxy] Proxying [GET /element/605945fc-cc20-4452-85dc-a71b39a210ce/location] to [GET http://localhost:8201/wd/hub/session/cedf8e03-4d5f-45f3-a055-493d75008df7/element/605945fc-cc20-4452-85dc-a71b39a210ce/location] with body: {}
[debug] [JSONWP Proxy] Got response with status 200: "{\"sessionId\":\"cedf8e03-4d5f-45f3-a055-493d75008df7\",\"status\":0,\"value\":{\"x\":73,\"y\":1539}}"
[debug] [JSONWP Proxy] Proxying [GET /element/605945fc-cc20-4452-85dc-a71b39a210ce/size] to [GET http://localhost:8201/wd/hub/session/cedf8e03-4d5f-45f3-a055-493d75008df7/element/605945fc-cc20-4452-85dc-a71b39a210ce/size] with body: {}
[debug] [JSONWP Proxy] Got response with status 200: "{\"sessionId\":\"cedf8e03-4d5f-45f3-a055-493d75008df7\",\"status\":0,\"value\":{\"width\":1294,\"height\":74}}"
[debug] [JSONWP Proxy] Proxying [POST /element/605945fc-cc20-4452-85dc-a71b39a210ce/click] to [POST http://localhost:8201/wd/hub/session/cedf8e03-4d5f-45f3-a055-493d75008df7/element/605945fc-cc20-4452-85dc-a71b39a210ce/click] with body: {"720":720,"1576":1576,"element":"605945fc-cc20-4452-85dc-a71b39a210ce"}
[debug] [JSONWP Proxy] Got response with status 200: {"sessionId":"cedf8e03-4d5f-45f3-a055-493d75008df7","status":0,"value":true}
[debug] [MJSONWP] Responding to client with driver.performTouch() result: null
[HTTP] <-- POST /wd/hub/session/a46b8004-2858-4d1d-9f03-7d2a5c798f86/touch/perform 200 3179 ms - 76 
[HTTP] --> POST /wd/hub/session/a46b8004-2858-4d1d-9f03-7d2a5c798f86/elements {"using":"-android uiautomator","value":"new UiSelector().className(\"android.widget.EditText\")"}
[debug] [MJSONWP] Calling AppiumDriver.findElements() with args: ["-android uiautomator","new UiSelector().className(\"android.widget.EditText\")","a46b8004-2858-4d1d-9f03-7d2a5c798f86"]
[debug] [BaseDriver] Valid locator strategies for this request: xpath, id, class name, accessibility id, -android uiautomator
[debug] [BaseDriver] Valid locator strategies for this request: xpath, id, class name, accessibility id, -android uiautomator
[debug] [BaseDriver] Waiting up to 0 ms for condition
[debug] [JSONWP Proxy] Proxying [POST /elements] to [POST http://localhost:8201/wd/hub/session/cedf8e03-4d5f-45f3-a055-493d75008df7/elements] with body: {"strategy":"-android uiautomator","selector":"new UiSelector().className(\"android.widget.EditText\")","context":"","multiple":true}
[debug] [JSONWP Proxy] Got response with status 200: {"sessionId":"cedf8e03-4d5f-45f3-a055-493d75008df7","status":0,"value":[{"ELEMENT":"754a2d06-0323-4127-bec2-00c2a3d24966"}]}
[debug] [MJSONWP] Responding to client with driver.findElements() result: [{"ELEMENT":"754a2d06-0323-4127-bec2-00c2a3d24966"}]
[HTTP] <-- POST /wd/hub/session/a46b8004-2858-4d1d-9f03-7d2a5c798f86/elements 200 28 ms - 124 
[HTTP] --> POST /wd/hub/session/a46b8004-2858-4d1d-9f03-7d2a5c798f86/element/754a2d06-0323-4127-bec2-00c2a3d24966/clear {}
[debug] [MJSONWP] Calling AppiumDriver.clear() with args: ["754a2d06-0323-4127-bec2-00c2a3d24966","a46b8004-2858-4d1d-9f03-7d2a5c798f86"]
[debug] [JSONWP Proxy] Proxying [GET /element/754a2d06-0323-4127-bec2-00c2a3d24966/text] to [GET http://localhost:8201/wd/hub/session/cedf8e03-4d5f-45f3-a055-493d75008df7/element/754a2d06-0323-4127-bec2-00c2a3d24966/text] with body: {}
[debug] [JSONWP Proxy] Got response with status 200: "{\"sessionId\":\"cedf8e03-4d5f-45f3-a055-493d75008df7\",\"status\":0,\"value\":\"\"}"
[debug] [JSONWP Proxy] Proxying [POST /element/754a2d06-0323-4127-bec2-00c2a3d24966/click] to [POST http://localhost:8201/wd/hub/session/cedf8e03-4d5f-45f3-a055-493d75008df7/element/754a2d06-0323-4127-bec2-00c2a3d24966/click] with body: {"element":"754a2d06-0323-4127-bec2-00c2a3d24966"}
[debug] [JSONWP Proxy] Got response with status 200: {"sessionId":"cedf8e03-4d5f-45f3-a055-493d75008df7","status":0,"value":true}
[debug] [AndroidDriver] Sending up to 100 clear characters to device
[debug] [AndroidDriver] Sending 50 clear characters to device
[debug] [ADB] Clearing up to 50 characters
[debug] [ADB] Getting connected devices...
[debug] [ADB] 1 device(s) connected
[debug] [ADB] Running '/Users/diegogamboa/Library/Android/sdk/platform-tools/adb' with args: ["-P",5037,"-s","emulator-5554","shell","input","keyevent","67","112","67","112","67","112","67","112","67","112","67","112","67","112","67","112","67","112","67","112","67","112","67","112","67","112","67","112","67","112","67","112","67","112","67","112","67","112","67","112","67","112","67","112","67","112","67","112","67","112","67","112","67","112","67","112","67","112","67","112","67","112","67","112","67","112","67","112","67","112","67","112","67","112","67","112","67","112","67","112","67","112","67","112","67","112","67","112","67","112","67","112","67","112","67","112","67","112","67","112"]
[debug] [AndroidDriver] Sending 50 clear characters to device
[debug] [ADB] Clearing up to 50 characters
[debug] [ADB] Getting connected devices...
[debug] [ADB] 1 device(s) connected
[debug] [ADB] Running '/Users/diegogamboa/Library/Android/sdk/platform-tools/adb' with args: ["-P",5037,"-s","emulator-5554","shell","input","keyevent","67","112","67","112","67","112","67","112","67","112","67","112","67","112","67","112","67","112","67","112","67","112","67","112","67","112","67","112","67","112","67","112","67","112","67","112","67","112","67","112","67","112","67","112","67","112","67","112","67","112","67","112","67","112","67","112","67","112","67","112","67","112","67","112","67","112","67","112","67","112","67","112","67","112","67","112","67","112","67","112","67","112","67","112","67","112","67","112","67","112","67","112","67","112","67","112","67","112","67","112"]
[debug] [MJSONWP] Responding to client with driver.clear() result: null
[HTTP] <-- POST /wd/hub/session/a46b8004-2858-4d1d-9f03-7d2a5c798f86/element/754a2d06-0323-4127-bec2-00c2a3d24966/clear 200 4681 ms - 76 
[HTTP] --> POST /wd/hub/session/a46b8004-2858-4d1d-9f03-7d2a5c798f86/element/754a2d06-0323-4127-bec2-00c2a3d24966/value {"value":["d","i","d","i","e","r","@","h","o","l","a","w","i","n","k",".","c","o","m"],"text":"didier@holawink.com"}
[debug] [MJSONWP] Calling AppiumDriver.setValue() with args: [["d","i","d","i","e","r","@","h","o","l","a","w","i","n","k",".","c","o","m"],"754a2d06-0323-4127-bec2-00c2a3d24966","a46b8004-2858-4d1d-9f03-7d2a5c798f86"]
[debug] [JSONWP Proxy] Proxying [POST /element/754a2d06-0323-4127-bec2-00c2a3d24966/value] to [POST http://localhost:8201/wd/hub/session/cedf8e03-4d5f-45f3-a055-493d75008df7/element/754a2d06-0323-4127-bec2-00c2a3d24966/value] with body: {"elementId":"754a2d06-0323-4127-bec2-00c2a3d24966","text":"didier@holawink.com","replace":false}
[debug] [JSONWP Proxy] Got response with status 200: {"sessionId":"cedf8e03-4d5f-45f3-a055-493d75008df7","status":0,"value":""}
[debug] [MJSONWP] Responding to client with driver.setValue() result: ""
[HTTP] <-- POST /wd/hub/session/a46b8004-2858-4d1d-9f03-7d2a5c798f86/element/754a2d06-0323-4127-bec2-00c2a3d24966/value 200 110 ms - 74 
[HTTP] --> DELETE /wd/hub/session/a46b8004-2858-4d1d-9f03-7d2a5c798f86 {}
[debug] [MJSONWP] Calling AppiumDriver.deleteSession() with args: ["a46b8004-2858-4d1d-9f03-7d2a5c798f86"]
[debug] [BaseDriver] Event 'quitSessionRequested' logged at 1523232501615 (18:08:21 GMT-0600 (CST))
[Appium] Removing session a46b8004-2858-4d1d-9f03-7d2a5c798f86 from our master session list
[debug] [UiAutomator2] Deleting UiAutomator2 session
[debug] [UiAutomator2] Deleting UiAutomator2 server session
[debug] [JSONWP Proxy] Proxying [DELETE /] to [DELETE http://localhost:8201/wd/hub/session/cedf8e03-4d5f-45f3-a055-493d75008df7] with no body
[debug] [JSONWP Proxy] Got response with status 200: "{\"sessionId\":\"cedf8e03-4d5f-45f3-a055-493d75008df7\",\"status\":0,\"value\":\"Session deleted\"}"
[debug] [ADB] Getting connected devices...
[debug] [ADB] 1 device(s) connected
[debug] [ADB] Running '/Users/diegogamboa/Library/Android/sdk/platform-tools/adb' with args: ["-P",5037,"-s","emulator-5554","shell","am","force-stop","com.fintechla.wink"]
[debug] [Logcat] Stopping logcat capture
[debug] [ADB] Removing forwarded port socket connection: 8201 
[debug] [ADB] Running '/Users/diegogamboa/Library/Android/sdk/platform-tools/adb' with args: ["-P",5037,"-s","emulator-5554","forward","--remove","tcp:8201"]
[debug] [BaseDriver] Event 'quitSessionFinished' logged at 1523232501772 (18:08:21 GMT-0600 (CST))
[debug] [MJSONWP] Received response: null
[debug] [MJSONWP] But deleting session, so not returning
[debug] [MJSONWP] Responding to client with driver.deleteSession() result: null
[HTTP] <-- DELETE /wd/hub/session/a46b8004-2858-4d1d-9f03-7d2a5c798f86 200 160 ms - 76 
